<?xml version="1.0" encoding="UTF-8"?>
<!-- Generated by org.testng.reporters.JUnitReportReporter -->
<testsuite skipped="0" hostname="Rayudu-PC" name="FlightBookTest" tests="1" failures="0" timestamp="17 Jun 2019 07:43:14 GMT" time="21.500" errors="0">
  <testcase name="testForAOneWayJourney" time="21.500" classname="FlightBookTest"/>
</testsuite> <!-- FlightBookTest -->
