<?xml version="1.0" encoding="UTF-8"?>
<!-- Generated by org.testng.reporters.JUnitReportReporter -->
<testsuite skipped="0" hostname="Rayudu-PC" name="HotelsBookTest" tests="1" failures="0" timestamp="17 Jun 2019 07:41:49 GMT" time="42.931" errors="0">
  <testcase name="launchAndBrowse" time="42.931" classname="HotelsBookTest"/>
</testsuite> <!-- HotelsBookTest -->
